[0.069s] DEBUG:colcon:Command line arguments: ['/usr/bin/colcon', 'build', '--packages-select', 'hexapod_ws', '--symlink-install']
[0.069s] DEBUG:colcon:Parsed command line arguments: Namespace(log_base=None, log_level=None, verb_name='build', build_base='build', install_base='install', merge_install=False, symlink_install=True, test_result_base=None, continue_on_error=False, executor='parallel', parallel_workers=16, event_handlers=None, ignore_user_meta=False, metas=['./colcon.meta'], base_paths=['.'], packages_ignore=None, packages_ignore_regex=None, paths=None, packages_up_to=None, packages_up_to_regex=None, packages_above=None, packages_above_and_dependencies=None, packages_above_depth=None, packages_select_by_dep=None, packages_skip_by_dep=None, packages_skip_up_to=None, packages_select_build_failed=False, packages_skip_build_finished=False, packages_select_test_failures=False, packages_skip_test_passed=False, packages_select=['hexapod_ws'], packages_skip=None, packages_select_regex=None, packages_skip_regex=None, packages_start=None, packages_end=None, allow_overriding=[], cmake_args=None, cmake_target=None, cmake_target_skip_unavailable=False, cmake_clean_cache=False, cmake_clean_first=False, cmake_force_configure=False, ament_cmake_args=None, catkin_cmake_args=None, catkin_skip_building_tests=False, mixin_files=None, mixin=None, verb_parser=<colcon_mixin.mixin.mixin_argument.MixinArgumentDecorator object at 0x7d4c00498680>, verb_extension=<colcon_core.verb.build.BuildVerb object at 0x7d4c00498350>, main=<bound method BuildVerb.main of <colcon_core.verb.build.BuildVerb object at 0x7d4c00498350>>, mixin_verb=('build',))
[0.095s] Level 1:colcon.colcon_core.package_discovery:discover_packages(colcon_meta) check parameters
[0.095s] Level 1:colcon.colcon_core.package_discovery:discover_packages(recursive) check parameters
[0.095s] Level 1:colcon.colcon_core.package_discovery:discover_packages(ignore) check parameters
[0.095s] Level 1:colcon.colcon_core.package_discovery:discover_packages(path) check parameters
[0.095s] Level 1:colcon.colcon_core.package_discovery:discover_packages(colcon_meta) discover
[0.095s] Level 1:colcon.colcon_core.package_discovery:discover_packages(recursive) discover
[0.095s] INFO:colcon.colcon_core.package_discovery:Crawling recursively for packages in '/home/gautam/hexapod_ws/src/hexapod_ws'
[0.095s] Level 1:colcon.colcon_core.package_identification:_identify(.) by extensions ['ignore', 'ignore_ament_install']
[0.095s] Level 1:colcon.colcon_core.package_identification:_identify(.) by extension 'ignore'
[0.095s] Level 1:colcon.colcon_core.package_identification:_identify(.) by extension 'ignore_ament_install'
[0.095s] Level 1:colcon.colcon_core.package_identification:_identify(.) by extensions ['colcon_pkg']
[0.095s] Level 1:colcon.colcon_core.package_identification:_identify(.) by extension 'colcon_pkg'
[0.095s] Level 1:colcon.colcon_core.package_identification:_identify(.) by extensions ['colcon_meta']
[0.095s] Level 1:colcon.colcon_core.package_identification:_identify(.) by extension 'colcon_meta'
[0.095s] Level 1:colcon.colcon_core.package_identification:_identify(.) by extensions ['ros']
[0.095s] Level 1:colcon.colcon_core.package_identification:_identify(.) by extension 'ros'
[0.115s] DEBUG:colcon.colcon_core.package_identification:Package '.' with type 'ros.ament_cmake' and name 'hexapod_ws'
[0.115s] Level 1:colcon.colcon_core.package_discovery:discover_packages(recursive) using defaults
[0.115s] Level 1:colcon.colcon_core.package_discovery:discover_packages(ignore) discover
[0.115s] Level 1:colcon.colcon_core.package_discovery:discover_packages(ignore) using defaults
[0.115s] Level 1:colcon.colcon_core.package_discovery:discover_packages(path) discover
[0.115s] Level 1:colcon.colcon_core.package_discovery:discover_packages(path) using defaults
[0.126s] Level 1:colcon.colcon_core.package_discovery:discover_packages(prefix_path) check parameters
[0.126s] Level 1:colcon.colcon_core.package_discovery:discover_packages(prefix_path) discover
[0.127s] DEBUG:colcon.colcon_installed_package_information.package_discovery:Found 1 installed packages in /home/gautam/hexapod_ws/src/hexapod_ws/install
[0.128s] DEBUG:colcon.colcon_installed_package_information.package_discovery:Found 1 installed packages in /home/gautam/hexapod_ws/install
[0.129s] DEBUG:colcon.colcon_installed_package_information.package_discovery:Found 422 installed packages in /opt/ros/jazzy
[0.130s] Level 1:colcon.colcon_core.package_discovery:discover_packages(prefix_path) using defaults
[0.161s] Level 5:colcon.colcon_core.verb:set package 'hexapod_ws' build argument 'cmake_args' from command line to 'None'
[0.161s] Level 5:colcon.colcon_core.verb:set package 'hexapod_ws' build argument 'cmake_target' from command line to 'None'
[0.161s] Level 5:colcon.colcon_core.verb:set package 'hexapod_ws' build argument 'cmake_target_skip_unavailable' from command line to 'False'
[0.161s] Level 5:colcon.colcon_core.verb:set package 'hexapod_ws' build argument 'cmake_clean_cache' from command line to 'False'
[0.161s] Level 5:colcon.colcon_core.verb:set package 'hexapod_ws' build argument 'cmake_clean_first' from command line to 'False'
[0.161s] Level 5:colcon.colcon_core.verb:set package 'hexapod_ws' build argument 'cmake_force_configure' from command line to 'False'
[0.161s] Level 5:colcon.colcon_core.verb:set package 'hexapod_ws' build argument 'ament_cmake_args' from command line to 'None'
[0.161s] Level 5:colcon.colcon_core.verb:set package 'hexapod_ws' build argument 'catkin_cmake_args' from command line to 'None'
[0.161s] Level 5:colcon.colcon_core.verb:set package 'hexapod_ws' build argument 'catkin_skip_building_tests' from command line to 'False'
[0.161s] DEBUG:colcon.colcon_core.verb:Building package 'hexapod_ws' with the following arguments: {'ament_cmake_args': None, 'build_base': '/home/gautam/hexapod_ws/src/hexapod_ws/build/hexapod_ws', 'catkin_cmake_args': None, 'catkin_skip_building_tests': False, 'cmake_args': None, 'cmake_clean_cache': False, 'cmake_clean_first': False, 'cmake_force_configure': False, 'cmake_target': None, 'cmake_target_skip_unavailable': False, 'install_base': '/home/gautam/hexapod_ws/src/hexapod_ws/install/hexapod_ws', 'merge_install': False, 'path': '/home/gautam/hexapod_ws/src/hexapod_ws', 'symlink_install': True, 'test_result_base': None}
[0.161s] INFO:colcon.colcon_core.executor:Executing jobs using 'parallel' executor
[0.162s] DEBUG:colcon.colcon_parallel_executor.executor.parallel:run_until_complete
[0.162s] INFO:colcon.colcon_ros.task.ament_cmake.build:Building ROS package in '/home/gautam/hexapod_ws/src/hexapod_ws' with build type 'ament_cmake'
[0.162s] INFO:colcon.colcon_cmake.task.cmake.build:Building CMake package in '/home/gautam/hexapod_ws/src/hexapod_ws'
[0.163s] INFO:colcon.colcon_core.plugin_system:Skipping extension 'colcon_core.shell.bat': Not used on non-Windows systems
[0.163s] INFO:colcon.colcon_core.shell:Skip shell extension 'powershell' for command environment: Not usable outside of PowerShell
[0.163s] DEBUG:colcon.colcon_core.shell:Skip shell extension 'dsv' for command environment
[0.171s] DEBUG:colcon.colcon_core.event_handler.log_command:Invoking command in '/home/gautam/hexapod_ws/src/hexapod_ws/build/hexapod_ws': CMAKE_PREFIX_PATH=${CMAKE_PREFIX_PATH}:/opt/ros/jazzy DEBUGINFOD_URLS=https://debuginfod.ubuntu.com /usr/bin/cmake --build /home/gautam/hexapod_ws/src/hexapod_ws/build/hexapod_ws -- -j16 -l16
[0.810s] DEBUG:colcon.colcon_core.event_handler.log_command:Invoked command in '/home/gautam/hexapod_ws/src/hexapod_ws/build/hexapod_ws' returned '0': CMAKE_PREFIX_PATH=${CMAKE_PREFIX_PATH}:/opt/ros/jazzy DEBUGINFOD_URLS=https://debuginfod.ubuntu.com /usr/bin/cmake --build /home/gautam/hexapod_ws/src/hexapod_ws/build/hexapod_ws -- -j16 -l16
[0.819s] DEBUG:colcon.colcon_core.event_handler.log_command:Invoking command in '/home/gautam/hexapod_ws/src/hexapod_ws/build/hexapod_ws': CMAKE_PREFIX_PATH=${CMAKE_PREFIX_PATH}:/opt/ros/jazzy DEBUGINFOD_URLS=https://debuginfod.ubuntu.com /usr/bin/cmake --install /home/gautam/hexapod_ws/src/hexapod_ws/build/hexapod_ws
[0.970s] Level 1:colcon.colcon_core.environment:create_environment_scripts_only(hexapod_ws)
[0.971s] DEBUG:colcon.colcon_core.event_handler.log_command:Invoked command in '/home/gautam/hexapod_ws/src/hexapod_ws/build/hexapod_ws' returned '0': CMAKE_PREFIX_PATH=${CMAKE_PREFIX_PATH}:/opt/ros/jazzy DEBUGINFOD_URLS=https://debuginfod.ubuntu.com /usr/bin/cmake --install /home/gautam/hexapod_ws/src/hexapod_ws/build/hexapod_ws
[0.973s] Level 1:colcon.colcon_core.environment:checking '/home/gautam/hexapod_ws/src/hexapod_ws/install/hexapod_ws' for CMake module files
[0.973s] Level 1:colcon.colcon_core.environment:checking '/home/gautam/hexapod_ws/src/hexapod_ws/install/hexapod_ws' for CMake config files
[0.973s] Level 1:colcon.colcon_core.shell:create_environment_hook('hexapod_ws', 'cmake_prefix_path')
[0.973s] INFO:colcon.colcon_core.shell:Creating environment hook '/home/gautam/hexapod_ws/src/hexapod_ws/install/hexapod_ws/share/hexapod_ws/hook/cmake_prefix_path.ps1'
[0.974s] INFO:colcon.colcon_core.shell:Creating environment descriptor '/home/gautam/hexapod_ws/src/hexapod_ws/install/hexapod_ws/share/hexapod_ws/hook/cmake_prefix_path.dsv'
[0.974s] INFO:colcon.colcon_core.shell:Creating environment hook '/home/gautam/hexapod_ws/src/hexapod_ws/install/hexapod_ws/share/hexapod_ws/hook/cmake_prefix_path.sh'
[0.975s] Level 1:colcon.colcon_core.environment:checking '/home/gautam/hexapod_ws/src/hexapod_ws/install/hexapod_ws/lib'
[0.975s] Level 1:colcon.colcon_core.environment:checking '/home/gautam/hexapod_ws/src/hexapod_ws/install/hexapod_ws/bin'
[0.975s] Level 1:colcon.colcon_core.environment:checking '/home/gautam/hexapod_ws/src/hexapod_ws/install/hexapod_ws/lib/pkgconfig/hexapod_ws.pc'
[0.975s] Level 1:colcon.colcon_core.environment:checking '/home/gautam/hexapod_ws/src/hexapod_ws/install/hexapod_ws/lib/python3.12/site-packages'
[0.976s] Level 1:colcon.colcon_core.environment:checking '/home/gautam/hexapod_ws/src/hexapod_ws/install/hexapod_ws/bin'
[0.976s] INFO:colcon.colcon_core.shell:Creating package script '/home/gautam/hexapod_ws/src/hexapod_ws/install/hexapod_ws/share/hexapod_ws/package.ps1'
[0.977s] INFO:colcon.colcon_core.shell:Creating package descriptor '/home/gautam/hexapod_ws/src/hexapod_ws/install/hexapod_ws/share/hexapod_ws/package.dsv'
[0.977s] INFO:colcon.colcon_core.shell:Creating package script '/home/gautam/hexapod_ws/src/hexapod_ws/install/hexapod_ws/share/hexapod_ws/package.sh'
[0.978s] INFO:colcon.colcon_core.shell:Creating package script '/home/gautam/hexapod_ws/src/hexapod_ws/install/hexapod_ws/share/hexapod_ws/package.bash'
[0.978s] INFO:colcon.colcon_core.shell:Creating package script '/home/gautam/hexapod_ws/src/hexapod_ws/install/hexapod_ws/share/hexapod_ws/package.zsh'
[0.979s] Level 1:colcon.colcon_core.environment:create_file_with_runtime_dependencies(/home/gautam/hexapod_ws/src/hexapod_ws/install/hexapod_ws/share/colcon-core/packages/hexapod_ws)
[0.979s] Level 1:colcon.colcon_core.environment:create_environment_scripts_only(hexapod_ws)
[0.980s] Level 1:colcon.colcon_core.environment:checking '/home/gautam/hexapod_ws/src/hexapod_ws/install/hexapod_ws' for CMake module files
[0.980s] Level 1:colcon.colcon_core.environment:checking '/home/gautam/hexapod_ws/src/hexapod_ws/install/hexapod_ws' for CMake config files
[0.980s] Level 1:colcon.colcon_core.shell:create_environment_hook('hexapod_ws', 'cmake_prefix_path')
[0.980s] INFO:colcon.colcon_core.shell:Creating environment hook '/home/gautam/hexapod_ws/src/hexapod_ws/install/hexapod_ws/share/hexapod_ws/hook/cmake_prefix_path.ps1'
[0.981s] INFO:colcon.colcon_core.shell:Creating environment descriptor '/home/gautam/hexapod_ws/src/hexapod_ws/install/hexapod_ws/share/hexapod_ws/hook/cmake_prefix_path.dsv'
[0.981s] INFO:colcon.colcon_core.shell:Creating environment hook '/home/gautam/hexapod_ws/src/hexapod_ws/install/hexapod_ws/share/hexapod_ws/hook/cmake_prefix_path.sh'
[0.982s] Level 1:colcon.colcon_core.environment:checking '/home/gautam/hexapod_ws/src/hexapod_ws/install/hexapod_ws/lib'
[0.982s] Level 1:colcon.colcon_core.environment:checking '/home/gautam/hexapod_ws/src/hexapod_ws/install/hexapod_ws/bin'
[0.982s] Level 1:colcon.colcon_core.environment:checking '/home/gautam/hexapod_ws/src/hexapod_ws/install/hexapod_ws/lib/pkgconfig/hexapod_ws.pc'
[0.982s] Level 1:colcon.colcon_core.environment:checking '/home/gautam/hexapod_ws/src/hexapod_ws/install/hexapod_ws/lib/python3.12/site-packages'
[0.982s] Level 1:colcon.colcon_core.environment:checking '/home/gautam/hexapod_ws/src/hexapod_ws/install/hexapod_ws/bin'
[0.983s] INFO:colcon.colcon_core.shell:Creating package script '/home/gautam/hexapod_ws/src/hexapod_ws/install/hexapod_ws/share/hexapod_ws/package.ps1'
[0.983s] INFO:colcon.colcon_core.shell:Creating package descriptor '/home/gautam/hexapod_ws/src/hexapod_ws/install/hexapod_ws/share/hexapod_ws/package.dsv'
[0.983s] INFO:colcon.colcon_core.shell:Creating package script '/home/gautam/hexapod_ws/src/hexapod_ws/install/hexapod_ws/share/hexapod_ws/package.sh'
[0.984s] INFO:colcon.colcon_core.shell:Creating package script '/home/gautam/hexapod_ws/src/hexapod_ws/install/hexapod_ws/share/hexapod_ws/package.bash'
[0.984s] INFO:colcon.colcon_core.shell:Creating package script '/home/gautam/hexapod_ws/src/hexapod_ws/install/hexapod_ws/share/hexapod_ws/package.zsh'
[0.984s] Level 1:colcon.colcon_core.environment:create_file_with_runtime_dependencies(/home/gautam/hexapod_ws/src/hexapod_ws/install/hexapod_ws/share/colcon-core/packages/hexapod_ws)
[0.984s] DEBUG:colcon.colcon_parallel_executor.executor.parallel:closing loop
[0.985s] DEBUG:colcon.colcon_parallel_executor.executor.parallel:loop closed
[0.985s] DEBUG:colcon.colcon_parallel_executor.executor.parallel:run_until_complete finished with '0'
[0.985s] DEBUG:colcon.colcon_core.event_reactor:joining thread
[0.988s] INFO:colcon.colcon_core.plugin_system:Skipping extension 'colcon_notification.desktop_notification.terminal_notifier': Not used on non-Darwin systems
[0.988s] INFO:colcon.colcon_core.plugin_system:Skipping extension 'colcon_notification.desktop_notification.win32': Not used on non-Windows systems
[0.989s] INFO:colcon.colcon_notification.desktop_notification:Sending desktop notification using 'notify2'
[1.001s] DEBUG:colcon.colcon_core.event_reactor:joined thread
[1.002s] INFO:colcon.colcon_core.shell:Creating prefix script '/home/gautam/hexapod_ws/src/hexapod_ws/install/local_setup.ps1'
[1.002s] INFO:colcon.colcon_core.shell:Creating prefix util module '/home/gautam/hexapod_ws/src/hexapod_ws/install/_local_setup_util_ps1.py'
[1.003s] INFO:colcon.colcon_core.shell:Creating prefix chain script '/home/gautam/hexapod_ws/src/hexapod_ws/install/setup.ps1'
[1.004s] INFO:colcon.colcon_core.shell:Creating prefix script '/home/gautam/hexapod_ws/src/hexapod_ws/install/local_setup.sh'
[1.004s] INFO:colcon.colcon_core.shell:Creating prefix util module '/home/gautam/hexapod_ws/src/hexapod_ws/install/_local_setup_util_sh.py'
[1.005s] INFO:colcon.colcon_core.shell:Creating prefix chain script '/home/gautam/hexapod_ws/src/hexapod_ws/install/setup.sh'
[1.006s] INFO:colcon.colcon_core.shell:Creating prefix script '/home/gautam/hexapod_ws/src/hexapod_ws/install/local_setup.bash'
[1.006s] INFO:colcon.colcon_core.shell:Creating prefix chain script '/home/gautam/hexapod_ws/src/hexapod_ws/install/setup.bash'
[1.007s] INFO:colcon.colcon_core.shell:Creating prefix script '/home/gautam/hexapod_ws/src/hexapod_ws/install/local_setup.zsh'
[1.007s] INFO:colcon.colcon_core.shell:Creating prefix chain script '/home/gautam/hexapod_ws/src/hexapod_ws/install/setup.zsh'
