-- Found ament_cmake: 2.5.4 (/opt/ros/jazzy/share/ament_cmake/cmake)
-- Override CMake install command with custom implementation using symlinks instead of copying resources
-- Found xacro: 2.1.1 (/opt/ros/jazzy/share/xacro/cmake)
-- Found rclpy: 7.1.5 (/opt/ros/jazzy/share/rclpy/cmake)
-- Found robot_state_publisher: 3.3.3 (/opt/ros/jazzy/share/robot_state_publisher/cmake)
-- Found rosidl_generator_c: 4.6.6 (/opt/ros/jazzy/share/rosidl_generator_c/cmake)
-- Found rosidl_generator_cpp: 4.6.6 (/opt/ros/jazzy/share/rosidl_generator_cpp/cmake)
-- Using all available rosidl_typesupport_c: rosidl_typesupport_fastrtps_c;rosidl_typesupport_introspection_c
-- Using all available rosidl_typesupport_cpp: rosidl_typesupport_fastrtps_cpp;rosidl_typesupport_introspection_cpp
-- Found rmw_implementation_cmake: 7.3.2 (/opt/ros/jazzy/share/rmw_implementation_cmake/cmake)
-- Found rmw_fastrtps_cpp: 8.4.3 (/opt/ros/jazzy/share/rmw_fastrtps_cpp/cmake)
-- Using RMW implementation 'rmw_fastrtps_cpp' as default
-- Found rviz2: 14.1.16 (/opt/ros/jazzy/share/rviz2/cmake)
-- Configuring done (0.6s)
-- Generating done (0.0s)
-- Build files have been written to: /home/gautam/hexapod_ws/src/hexapod_ws/build/hexapod_ws
-- Install configuration: ""
-- Execute custom install script
-- Up-to-date symlink: /home/gautam/hexapod_ws/src/hexapod_ws/install/hexapod_ws/share/hexapod_ws/description/hexapod.urdf.xacro
-- Up-to-date symlink: /home/gautam/hexapod_ws/src/hexapod_ws/install/hexapod_ws/share/hexapod_ws/config/parameters.yaml
-- Symlinking: /home/gautam/hexapod_ws/src/hexapod_ws/install/hexapod_ws/lib/hexapod_ws/hexapod_runner.py
-- Symlinking: /home/gautam/hexapod_ws/src/hexapod_ws/install/hexapod_ws/share/hexapod_ws/launch/display.launch.py
-- Symlinking: /home/gautam/hexapod_ws/src/hexapod_ws/install/hexapod_ws/share/hexapod_ws/launch/gazebo.launch.py
-- Symlinking: /home/gautam/hexapod_ws/src/hexapod_ws/install/hexapod_ws/share/ament_index/resource_index/package_run_dependencies/hexapod_ws
-- Symlinking: /home/gautam/hexapod_ws/src/hexapod_ws/install/hexapod_ws/share/ament_index/resource_index/parent_prefix_path/hexapod_ws
-- Symlinking: /home/gautam/hexapod_ws/src/hexapod_ws/install/hexapod_ws/share/hexapod_ws/environment/ament_prefix_path.sh
-- Symlinking: /home/gautam/hexapod_ws/src/hexapod_ws/install/hexapod_ws/share/hexapod_ws/environment/ament_prefix_path.dsv
-- Symlinking: /home/gautam/hexapod_ws/src/hexapod_ws/install/hexapod_ws/share/hexapod_ws/environment/path.sh
-- Symlinking: /home/gautam/hexapod_ws/src/hexapod_ws/install/hexapod_ws/share/hexapod_ws/environment/path.dsv
-- Symlinking: /home/gautam/hexapod_ws/src/hexapod_ws/install/hexapod_ws/share/hexapod_ws/local_setup.bash
-- Symlinking: /home/gautam/hexapod_ws/src/hexapod_ws/install/hexapod_ws/share/hexapod_ws/local_setup.sh
-- Symlinking: /home/gautam/hexapod_ws/src/hexapod_ws/install/hexapod_ws/share/hexapod_ws/local_setup.zsh
-- Symlinking: /home/gautam/hexapod_ws/src/hexapod_ws/install/hexapod_ws/share/hexapod_ws/local_setup.dsv
-- Symlinking: /home/gautam/hexapod_ws/src/hexapod_ws/install/hexapod_ws/share/hexapod_ws/package.dsv
-- Symlinking: /home/gautam/hexapod_ws/src/hexapod_ws/install/hexapod_ws/share/ament_index/resource_index/packages/hexapod_ws
-- Symlinking: /home/gautam/hexapod_ws/src/hexapod_ws/install/hexapod_ws/share/hexapod_ws/cmake/hexapod_wsConfig.cmake
-- Symlinking: /home/gautam/hexapod_ws/src/hexapod_ws/install/hexapod_ws/share/hexapod_ws/cmake/hexapod_wsConfig-version.cmake
-- Symlinking: /home/gautam/hexapod_ws/src/hexapod_ws/install/hexapod_ws/share/hexapod_ws/package.xml
