[0.007s] Invoking command in '/home/gautam/hexapod_ws/src/hexapod_ws/build/hexapod_ws': CMAKE_PREFIX_PATH=${CMAKE_PREFIX_PATH}:/opt/ros/jazzy DEBUGINFOD_URLS=https://debuginfod.ubuntu.com /usr/bin/cmake /home/gautam/hexapod_ws/src/hexapod_ws -DAMENT_CMAKE_SYMLINK_INSTALL=1 -DCMAKE_INSTALL_PREFIX=/home/gautam/hexapod_ws/src/hexapod_ws/install/hexapod_ws
[0.058s] -- The C compiler identification is GNU 13.3.0
[0.112s] -- The CXX compiler identification is GNU 13.3.0
[0.128s] -- Detecting C compiler ABI info
[0.213s] -- Detecting C compiler ABI info - done
[0.222s] -- Check for working C compiler: /usr/bin/cc - skipped
[0.222s] -- Detecting C compile features
[0.222s] -- Detecting C compile features - done
[0.231s] -- Detecting CXX compiler ABI info
[0.324s] -- Detecting CXX compiler ABI info - done
[0.332s] -- Check for working CXX compiler: /usr/bin/c++ - skipped
[0.332s] -- Detecting CXX compile features
[0.333s] -- Detecting CXX compile features - done
[0.336s] -- Found ament_cmake: 2.5.4 (/opt/ros/jazzy/share/ament_cmake/cmake)
[0.447s] -- Found Python3: /usr/bin/python3 (found version "3.12.3") found components: Interpreter 
[0.505s] -- Override CMake install command with custom implementation using symlinks instead of copying resources
[0.541s] -- Found xacro: 2.1.1 (/opt/ros/jazzy/share/xacro/cmake)
[0.543s] -- Found rclpy: 7.1.5 (/opt/ros/jazzy/share/rclpy/cmake)
[0.545s] -- Found robot_state_publisher: 3.3.3 (/opt/ros/jazzy/share/robot_state_publisher/cmake)
[0.581s] -- Found rosidl_generator_c: 4.6.6 (/opt/ros/jazzy/share/rosidl_generator_c/cmake)
[0.593s] -- Found rosidl_generator_cpp: 4.6.6 (/opt/ros/jazzy/share/rosidl_generator_cpp/cmake)
[0.606s] -- Using all available rosidl_typesupport_c: rosidl_typesupport_fastrtps_c;rosidl_typesupport_introspection_c
[0.622s] -- Using all available rosidl_typesupport_cpp: rosidl_typesupport_fastrtps_cpp;rosidl_typesupport_introspection_cpp
[0.698s] -- Found rmw_implementation_cmake: 7.3.2 (/opt/ros/jazzy/share/rmw_implementation_cmake/cmake)
[0.701s] -- Found rmw_fastrtps_cpp: 8.4.3 (/opt/ros/jazzy/share/rmw_fastrtps_cpp/cmake)
[0.778s] -- Found OpenSSL: /usr/lib/x86_64-linux-gnu/libcrypto.so (found version "3.0.13")  
[0.799s] -- Found FastRTPS: /opt/ros/jazzy/include (Required is at least version "2.13") 
[0.817s] -- Using RMW implementation 'rmw_fastrtps_cpp' as default
[1.050s] -- Found rviz2: 14.1.16 (/opt/ros/jazzy/share/rviz2/cmake)
[1.115s] -- Configuring done (1.1s)
[1.118s] -- Generating done (0.0s)
[1.119s] -- Build files have been written to: /home/gautam/hexapod_ws/src/hexapod_ws/build/hexapod_ws
[1.127s] Invoked command in '/home/gautam/hexapod_ws/src/hexapod_ws/build/hexapod_ws' returned '0': CMAKE_PREFIX_PATH=${CMAKE_PREFIX_PATH}:/opt/ros/jazzy DEBUGINFOD_URLS=https://debuginfod.ubuntu.com /usr/bin/cmake /home/gautam/hexapod_ws/src/hexapod_ws -DAMENT_CMAKE_SYMLINK_INSTALL=1 -DCMAKE_INSTALL_PREFIX=/home/gautam/hexapod_ws/src/hexapod_ws/install/hexapod_ws
[1.128s] Invoking command in '/home/gautam/hexapod_ws/src/hexapod_ws/build/hexapod_ws': CMAKE_PREFIX_PATH=${CMAKE_PREFIX_PATH}:/opt/ros/jazzy DEBUGINFOD_URLS=https://debuginfod.ubuntu.com /usr/bin/cmake --build /home/gautam/hexapod_ws/src/hexapod_ws/build/hexapod_ws -- -j16 -l16
[1.166s] Invoked command in '/home/gautam/hexapod_ws/src/hexapod_ws/build/hexapod_ws' returned '0': CMAKE_PREFIX_PATH=${CMAKE_PREFIX_PATH}:/opt/ros/jazzy DEBUGINFOD_URLS=https://debuginfod.ubuntu.com /usr/bin/cmake --build /home/gautam/hexapod_ws/src/hexapod_ws/build/hexapod_ws -- -j16 -l16
[1.176s] Invoking command in '/home/gautam/hexapod_ws/src/hexapod_ws/build/hexapod_ws': CMAKE_PREFIX_PATH=${CMAKE_PREFIX_PATH}:/opt/ros/jazzy DEBUGINFOD_URLS=https://debuginfod.ubuntu.com /usr/bin/cmake --install /home/gautam/hexapod_ws/src/hexapod_ws/build/hexapod_ws
[1.183s] -- Install configuration: ""
[1.184s] -- Execute custom install script
[1.184s] -- Symlinking: /home/gautam/hexapod_ws/src/hexapod_ws/install/hexapod_ws/share/hexapod_ws/description/hexapod.urdf.xacro
[1.193s] -- Symlinking: /home/gautam/hexapod_ws/src/hexapod_ws/install/hexapod_ws/share/hexapod_ws/config/parameters.yaml
[1.202s] [31mCMake Error at ament_cmake_symlink_install/ament_cmake_symlink_install.cmake:204 (message):
[1.202s]   ament_cmake_symlink_install_programs() can't find
[1.202s]   '/home/gautam/hexapod_ws/src/hexapod_ws/scripts/move_hexapod.py'
[1.202s] Call Stack (most recent call first):
[1.202s]   ament_cmake_symlink_install/ament_cmake_symlink_install.cmake:320 (ament_cmake_symlink_install_programs)
[1.202s]   cmake_install.cmake:46 (include)
[1.202s] 
[1.202s] [0m
[1.203s] Invoked command in '/home/gautam/hexapod_ws/src/hexapod_ws/build/hexapod_ws' returned '1': CMAKE_PREFIX_PATH=${CMAKE_PREFIX_PATH}:/opt/ros/jazzy DEBUGINFOD_URLS=https://debuginfod.ubuntu.com /usr/bin/cmake --install /home/gautam/hexapod_ws/src/hexapod_ws/build/hexapod_ws
